2025-06-17 10:51:42,947 [INFO] 🚀 Starting 24/7 X Engagement Bot Service
2025-06-17 10:51:42,947 [INFO] Health server started on port 8080
2025-06-17 10:51:42,947 [INFO] Initializing API clients...
2025-06-17 10:51:43,446 [INFO] ✅ All clients initialized successfully
2025-06-17 10:51:43,447 [INFO] 📊 Monitoring intervals: cycle=30min, metrics=60min, reports=24h
2025-06-17 10:51:43,447 [INFO] Starting monitoring cycle...
2025-06-17 10:51:46,195 [WARNING] Rate limit exceeded. Sleeping for 899 seconds.
2025-06-17 11:06:47,214 [WARNING] Rate limit exceeded. Sleeping for 899 seconds.
2025-06-17 11:21:48,540 [WARNING] Rate limit exceeded. Sleeping for 899 seconds.
2025-06-17 11:36:48,166 [WARNING] Rate limit exceeded. Sleeping for 901 seconds.
2025-06-17 11:51:49,512 [WARNING] Rate limit exceeded. Sleeping for 901 seconds.
2025-06-17 11:54:47,755 [INFO] Received signal 15, shutting down...
2025-06-17 11:55:04,181 [INFO] 🚀 Starting 24/7 X Engagement Bot Service
2025-06-17 11:55:04,181 [INFO] Health server started on port 8080
2025-06-17 11:55:04,181 [INFO] Initializing API clients...
2025-06-17 11:55:04,560 [INFO] ✅ All clients initialized successfully
2025-06-17 11:55:04,560 [INFO] 📊 Monitoring intervals: cycle=30min, metrics=60min, reports=24h
2025-06-17 11:55:04,560 [INFO] Starting monitoring cycle...
2025-06-17 11:55:05,138 [WARNING] Rate limit exceeded. Sleeping for 705 seconds.
2025-06-17 11:58:19,553 [INFO] Received signal 15, shutting down...
2025-06-17 11:58:31,001 [INFO] 🚀 Starting 24/7 X Engagement Bot Service
2025-06-17 11:58:31,001 [INFO] Health server started on port 8080
2025-06-17 11:58:31,001 [INFO] Initializing API clients...
2025-06-17 11:58:31,395 [INFO] ✅ All clients initialized successfully
2025-06-17 11:58:31,396 [INFO] 📊 Monitoring intervals: cycle=30min, metrics=60min, reports=24h
2025-06-17 11:58:31,396 [INFO] Starting monitoring cycle...
2025-06-17 11:58:32,083 [WARNING] Rate limit exceeded. Sleeping for 498 seconds.
2025-06-17 12:00:04,979 [INFO] Received signal 15, shutting down...
2025-06-17 12:00:16,493 [INFO] 🚀 Starting 24/7 X Engagement Bot Service
2025-06-17 12:00:16,493 [INFO] Health server started on port 8080
2025-06-17 12:00:16,493 [INFO] Initializing API clients...
2025-06-17 12:00:16,882 [INFO] ✅ All clients initialized successfully
2025-06-17 12:00:16,882 [INFO] 📊 Monitoring intervals: cycle=30min, metrics=60min, reports=24h
2025-06-17 12:00:16,882 [INFO] Starting monitoring cycle...
2025-06-17 12:00:17,578 [WARNING] Rate limit exceeded. Sleeping for 393 seconds.
2025-06-17 12:06:50,923 [WARNING] Rate limit exceeded. Sleeping for 901 seconds.
2025-06-17 12:09:51,717 [INFO] Received signal 15, shutting down...
2025-06-17 12:10:23,401 [INFO] 🚀 Starting 24/7 X Engagement Bot Service (Fixed Rate Limiting)
2025-06-17 12:10:23,401 [INFO] Health server started on port 8080
2025-06-17 12:10:23,402 [INFO] Initializing API clients (skipping health check to avoid rate limits)...
2025-06-17 12:10:23,403 [INFO] ✅ All clients initialized successfully (health check skipped)
2025-06-17 12:10:23,403 [INFO] Sending test alert to verify email system...
2025-06-17 12:10:23,403 [INFO] Creating test alert to verify email system...
2025-06-17 12:10:26,992 [INFO] ✅ Test alert sent successfully - email system verified
2025-06-17 12:10:26,993 [INFO] 📊 Monitoring intervals: cycle=30min, metrics=60min, reports=24h
2025-06-17 12:10:26,993 [INFO] Starting monitoring cycle...
2025-06-17 12:10:26,993 [INFO] Attempting simple keyword search...
2025-06-17 12:10:27,344 [WARNING] Rate limit exceeded. Sleeping for 901 seconds.
2025-06-17 12:13:39,956 [INFO] Received signal 15, shutting down...
2025-06-17 12:13:55,716 [INFO] 🚀 Starting 24/7 X Engagement Bot Service (Fixed Rate Limiting)
2025-06-17 12:13:55,717 [INFO] Health server started on port 8080
2025-06-17 12:13:55,717 [INFO] Initializing API clients (skipping health check to avoid rate limits)...
2025-06-17 12:13:55,718 [INFO] ✅ All clients initialized successfully (health check skipped)
2025-06-17 12:13:55,718 [INFO] Sending test alert to verify email system...
2025-06-17 12:13:55,718 [INFO] Creating test alert to verify email system...
2025-06-17 12:13:58,983 [INFO] ✅ Test alert sent successfully - email system verified
2025-06-17 12:13:58,984 [INFO] 📊 Monitoring intervals: cycle=30min, metrics=60min, reports=24h
2025-06-17 12:13:58,984 [INFO] Starting monitoring cycle...
2025-06-17 12:13:58,985 [INFO] Attempting simple keyword search...
2025-06-17 12:13:59,508 [WARNING] Rate limit exceeded. Sleeping for 689 seconds.
2025-06-17 12:25:29,107 [WARNING] Rate limit exceeded. Sleeping for 900 seconds.
2025-06-17 12:40:29,574 [WARNING] Rate limit exceeded. Sleeping for 901 seconds.
2025-06-17 12:55:31,064 [WARNING] Rate limit exceeded. Sleeping for 900 seconds.
2025-06-17 13:03:14,153 [INFO] Received signal 15, shutting down...
2025-06-17 13:03:24,544 [INFO] 🚀 Starting 24/7 X Engagement Bot Service (Fixed Rate Limiting)
2025-06-17 13:03:24,544 [INFO] Health server started on port 8080
2025-06-17 13:03:24,544 [INFO] Initializing API clients (skipping health check to avoid rate limits)...
2025-06-17 13:03:24,546 [INFO] ✅ All clients initialized successfully (health check skipped)
2025-06-17 13:03:24,546 [INFO] Sending test alert to verify email system...
2025-06-17 13:03:24,546 [INFO] Creating test alert to verify email system...
2025-06-17 13:03:28,329 [INFO] ✅ Test alert sent successfully - email system verified
2025-06-17 13:03:28,330 [INFO] 📊 Monitoring intervals: cycle=30min, metrics=60min, reports=24h
2025-06-17 13:03:28,330 [INFO] Starting monitoring cycle...
2025-06-17 13:03:28,330 [INFO] Attempting simple keyword search...
2025-06-17 13:03:28,672 [WARNING] Rate limit exceeded. Sleeping for 423 seconds.
2025-06-17 13:10:49,949 [INFO] Cycle complete: 0 opportunities, Rate limits: {'search_tweets': {'calls_made': 1, 'remaining': 299, 'backoff_seconds': 0}, 'user_timeline': {'calls_made': 0, 'remaining': 1500, 'backoff_seconds': 0}, 'user_lookup': {'calls_made': 0, 'remaining': 300, 'backoff_seconds': 0}}
2025-06-17 13:18:50,331 [INFO] Received signal 15, shutting down...
2025-06-17 13:19:00,694 [INFO] 🚀 Starting 24/7 X Engagement Bot Service (Fixed Rate Limiting)
2025-06-17 13:19:00,695 [INFO] Health server started on port 8080
2025-06-17 13:19:00,695 [INFO] Initializing API clients (skipping health check to avoid rate limits)...
2025-06-17 13:19:00,696 [INFO] ✅ All clients initialized successfully (health check skipped)
2025-06-17 13:19:00,696 [INFO] Sending test alert to verify email system...
2025-06-17 13:19:00,696 [INFO] Creating test alert to verify email system...
2025-06-17 13:19:03,881 [INFO] ✅ Test alert sent successfully - email system verified
2025-06-17 13:19:03,881 [INFO] 📊 Monitoring intervals: cycle=30min, metrics=60min, reports=24h
2025-06-17 13:19:03,881 [INFO] Starting monitoring cycle...
2025-06-17 13:19:03,882 [INFO] Attempting simple keyword search...
2025-06-17 13:19:22,071 [INFO] Cycle complete: 0 opportunities, Rate limits: {'search_tweets': {'calls_made': 1, 'remaining': 299, 'backoff_seconds': 0}, 'user_timeline': {'calls_made': 0, 'remaining': 1500, 'backoff_seconds': 0}, 'user_lookup': {'calls_made': 0, 'remaining': 300, 'backoff_seconds': 0}}
2025-06-17 13:19:55,942 [INFO] Received signal 15, shutting down...
2025-06-17 13:21:17,672 [INFO] 🚀 Starting 24/7 X Engagement Bot Service (Fixed Rate Limiting)
2025-06-17 13:21:17,672 [INFO] Health server started on port 8080
2025-06-17 13:21:17,672 [INFO] Initializing API clients (skipping health check to avoid rate limits)...
2025-06-17 13:21:17,674 [INFO] ✅ All clients initialized successfully (health check skipped)
2025-06-17 13:21:17,674 [INFO] Sending test alert to verify email system...
2025-06-17 13:21:17,674 [INFO] Creating test alert to verify email system...
2025-06-17 13:21:21,094 [INFO] ✅ Test alert sent successfully - email system verified
2025-06-17 13:21:21,095 [INFO] 📊 Monitoring intervals: cycle=30min, metrics=60min, reports=24h
2025-06-17 13:21:21,095 [INFO] Starting monitoring cycle...
2025-06-17 13:21:21,096 [INFO] Attempting simple keyword search...
2025-06-17 13:21:39,880 [INFO] Cycle complete: 0 opportunities, Rate limits: {'search_tweets': {'calls_made': 1, 'remaining': 299, 'backoff_seconds': 0}, 'user_timeline': {'calls_made': 0, 'remaining': 1500, 'backoff_seconds': 0}, 'user_lookup': {'calls_made': 0, 'remaining': 300, 'backoff_seconds': 0}}
2025-06-17 13:23:31,184 [INFO] Received signal 15, shutting down...
2025-06-17 13:23:51,410 [INFO] 🚀 Starting 24/7 X Engagement Bot Service (Fixed Rate Limiting)
2025-06-17 13:23:51,411 [INFO] Health server started on port 8080
2025-06-17 13:23:51,411 [INFO] Initializing API clients (skipping health check to avoid rate limits)...
2025-06-17 13:23:51,412 [INFO] ✅ All clients initialized successfully (health check skipped)
2025-06-17 13:23:51,412 [INFO] Sending test alert to verify email system...
2025-06-17 13:23:51,412 [INFO] Creating test alert to verify email system...
2025-06-17 13:23:54,732 [INFO] ✅ Test alert sent successfully - email system verified
2025-06-17 13:23:54,732 [INFO] 📊 Monitoring intervals: cycle=30min, metrics=60min, reports=24h
2025-06-17 13:23:54,732 [INFO] Starting monitoring cycle...
2025-06-17 13:23:54,732 [INFO] Attempting simple keyword search...
2025-06-17 13:24:13,485 [INFO] Cycle complete: 0 opportunities, Rate limits: {'search_tweets': {'calls_made': 1, 'remaining': 299, 'backoff_seconds': 0}, 'user_timeline': {'calls_made': 0, 'remaining': 1500, 'backoff_seconds': 0}, 'user_lookup': {'calls_made': 0, 'remaining': 300, 'backoff_seconds': 0}}
2025-06-17 13:26:33,792 [INFO] Received signal 15, shutting down...
2025-06-17 13:26:45,065 [INFO] 🚀 Starting 24/7 X Engagement Bot Service (Fixed Rate Limiting)
2025-06-17 13:26:45,065 [INFO] Health server started on port 8080
2025-06-17 13:26:45,065 [INFO] Initializing API clients (skipping health check to avoid rate limits)...
2025-06-17 13:26:45,066 [INFO] ✅ All clients initialized successfully (health check skipped)
2025-06-17 13:26:45,066 [INFO] Sending test alert to verify email system...
2025-06-17 13:26:45,067 [INFO] Creating test alert to verify email system...
2025-06-17 13:26:48,479 [INFO] ✅ Test alert sent successfully - email system verified
2025-06-17 13:26:48,480 [INFO] 📊 Monitoring intervals: cycle=30min, metrics=60min, reports=24h
2025-06-17 13:26:48,480 [INFO] Starting monitoring cycle...
2025-06-17 13:26:48,481 [INFO] Attempting simple keyword search...
2025-06-17 13:28:00,527 [INFO] Found 1 keyword opportunities
2025-06-17 13:28:00,529 [WARNING] Keyword search error: 'dict' object has no attribute 'overall_score'
2025-06-17 13:28:00,530 [ERROR] Monitoring cycle error: 'dict' object has no attribute 'overall_score'
2025-06-17 13:31:09,897 [INFO] Received signal 15, shutting down...
2025-06-17 13:31:21,268 [INFO] 🚀 Starting 24/7 X Engagement Bot Service (Fixed Rate Limiting)
2025-06-17 13:31:21,268 [INFO] Health server started on port 8080
2025-06-17 13:31:21,268 [INFO] Initializing API clients (skipping health check to avoid rate limits)...
2025-06-17 13:31:21,269 [INFO] ✅ All clients initialized successfully (health check skipped)
2025-06-17 13:31:21,269 [INFO] Sending test alert to verify email system...
2025-06-17 13:31:21,270 [INFO] Creating test alert to verify email system...
2025-06-17 13:31:25,151 [INFO] ✅ Test alert sent successfully - email system verified
2025-06-17 13:31:25,152 [INFO] 📊 Monitoring intervals: cycle=30min, metrics=60min, reports=24h
2025-06-17 13:31:25,152 [INFO] Starting monitoring cycle...
2025-06-17 13:31:25,152 [INFO] Attempting simple keyword search...
2025-06-17 13:32:37,633 [INFO] Found 12 keyword opportunities
2025-06-17 13:32:40,938 [INFO] Sent immediate alert for 4 opportunities
2025-06-17 13:32:40,938 [INFO] Cycle complete: 12 opportunities, Rate limits: {'search_tweets': {'calls_made': 1, 'remaining': 299, 'backoff_seconds': 0}, 'user_timeline': {'calls_made': 0, 'remaining': 1500, 'backoff_seconds': 0}, 'user_lookup': {'calls_made': 0, 'remaining': 300, 'backoff_seconds': 0}}
2025-06-17 13:42:03,712 [INFO] Received signal 15, shutting down...
2025-06-17 13:42:15,022 [INFO] 🚀 Starting 24/7 X Engagement Bot Service (Fixed Rate Limiting)
2025-06-17 13:42:15,023 [INFO] Health server started on port 8080
2025-06-17 13:42:15,023 [INFO] Initializing API clients (skipping health check to avoid rate limits)...
2025-06-17 13:42:15,024 [INFO] ✅ All clients initialized successfully (health check skipped)
2025-06-17 13:42:15,024 [INFO] Sending test alert to verify email system...
2025-06-17 13:42:15,024 [INFO] Creating test alert to verify email system...
2025-06-17 13:42:18,291 [INFO] ✅ Test alert sent successfully - email system verified
2025-06-17 13:42:18,292 [INFO] 📊 Monitoring intervals: cycle=30min, metrics=60min, reports=24h
2025-06-17 13:42:18,292 [INFO] Starting monitoring cycle...
2025-06-17 13:42:18,292 [INFO] Attempting simple keyword search...
